{
  "/home/loraine/Projects/Archi P2 - Angular Java/Front-end---Testez-et-am-liorez-une-application-existante/src/app/core/DTO/AuthType.ts": {
    "path": "/home/loraine/Projects/Archi P2 - Angular Java/Front-end---Testez-et-am-liorez-une-application-existante/src/app/core/DTO/AuthType.ts",
    "statementMap": {
      "0": {
        "start": {
          "line": 8,
          "column": 0
        },
        "end": {
          "line": 13,
          "column": 32
        }
      },
      "1": {
        "start": {
          "line": 10,
          "column": 4
        },
        "end": {
          "line": 10,
          "column": 34
        }
      },
      "2": {
        "start": {
          "line": 12,
          "column": 4
        },
        "end": {
          "line": 12,
          "column": 34
        }
      }
    },
    "fnMap": {
      "0": {
        "name": "(anonymous_0)",
        "decl": {
          "start": {
            "line": 8,
            "column": 1
          },
          "end": {
            "line": 8,
            "column": 2
          }
        },
        "loc": {
          "start": {
            "line": 8,
            "column": 21
          },
          "end": {
            "line": 13,
            "column": 1
          }
        },
        "line": 8
      }
    },
    "branchMap": {
      "0": {
        "loc": {
          "start": {
            "line": 13,
            "column": 3
          },
          "end": {
            "line": 13,
            "column": 30
          }
        },
        "type": "binary-expr",
        "locations": [
          {
            "start": {
              "line": 13,
              "column": 3
            },
            "end": {
              "line": 13,
              "column": 11
            }
          },
          {
            "start": {
              "line": 13,
              "column": 16
            },
            "end": {
              "line": 13,
              "column": 29
            }
          }
        ],
        "line": 13
      }
    },
    "s": {
      "0": 143,
      "1": 143,
      "2": 143
    },
    "f": {
      "0": 143
    },
    "b": {
      "0": [
        143,
        143
      ]
    },
    "inputSourceMap": {
      "version": 3,
      "file": "AuthType.js",
      "sourceRoot": "",
      "sources": [
        "/home/loraine/Projects/Archi P2 - Angular Java/Front-end---Testez-et-am-liorez-une-application-existante/src/app/core/DTO/AuthType.ts"
      ],
      "names": [],
      "mappings": "AAAA;;;GAGG;AACH,WAAW;AACX,eAAe;AACf,MAAM,CAAN,IAAkB,QAKjB;AALD,WAAkB,QAAQ;IACtB,kEAAkE;IAClE,6BAAiB,CAAA;IACjB,sDAAsD;IACtD,6BAAiB,CAAA;AACrB,CAAC,EALiB,QAAQ,KAAR,QAAQ,QAKzB;AAAA,CAAC",
      "sourcesContent": [
        "/**\n * DTO - Authentication type constants for hybrid authentication\n * Distinguishes cookie-based (web) from JWT header-based (mobile) auth strategy\n */\n/** ENUM */\n/* AUTH TYPE */\nexport const enum AuthType {\n    // web browsers use HttpOnly cookies set and managed by the server\n    COOKIE = \"COOKIE\",\n    // native mobile apps send JWT in Authorization header\n    HEADER = \"HEADER\"\n};"
      ]
    },
    "_coverageSchema": "1a1c01bbd47fc00a2c39e90264f33305004495a9",
    "hash": "b7faaa8e701876505276b43aefc47503838f5a27"
  },
  "/home/loraine/Projects/Archi P2 - Angular Java/Front-end---Testez-et-am-liorez-une-application-existante/src/app/core/constants/userErrorMessage.ts": {
    "path": "/home/loraine/Projects/Archi P2 - Angular Java/Front-end---Testez-et-am-liorez-une-application-existante/src/app/core/constants/userErrorMessage.ts",
    "statementMap": {
      "0": {
        "start": {
          "line": 6,
          "column": 0
        },
        "end": {
          "line": 16,
          "column": 48
        }
      },
      "1": {
        "start": {
          "line": 8,
          "column": 4
        },
        "end": {
          "line": 8,
          "column": 75
        }
      },
      "2": {
        "start": {
          "line": 9,
          "column": 4
        },
        "end": {
          "line": 9,
          "column": 74
        }
      },
      "3": {
        "start": {
          "line": 10,
          "column": 4
        },
        "end": {
          "line": 10,
          "column": 74
        }
      },
      "4": {
        "start": {
          "line": 12,
          "column": 4
        },
        "end": {
          "line": 12,
          "column": 79
        }
      },
      "5": {
        "start": {
          "line": 13,
          "column": 4
        },
        "end": {
          "line": 13,
          "column": 83
        }
      },
      "6": {
        "start": {
          "line": 15,
          "column": 4
        },
        "end": {
          "line": 15,
          "column": 72
        }
      }
    },
    "fnMap": {
      "0": {
        "name": "(anonymous_0)",
        "decl": {
          "start": {
            "line": 6,
            "column": 1
          },
          "end": {
            "line": 6,
            "column": 2
          }
        },
        "loc": {
          "start": {
            "line": 6,
            "column": 29
          },
          "end": {
            "line": 16,
            "column": 1
          }
        },
        "line": 6
      }
    },
    "branchMap": {
      "0": {
        "loc": {
          "start": {
            "line": 16,
            "column": 3
          },
          "end": {
            "line": 16,
            "column": 46
          }
        },
        "type": "binary-expr",
        "locations": [
          {
            "start": {
              "line": 16,
              "column": 3
            },
            "end": {
              "line": 16,
              "column": 19
            }
          },
          {
            "start": {
              "line": 16,
              "column": 24
            },
            "end": {
              "line": 16,
              "column": 45
            }
          }
        ],
        "line": 16
      }
    },
    "s": {
      "0": 143,
      "1": 143,
      "2": 143,
      "3": 143,
      "4": 143,
      "5": 143,
      "6": 143
    },
    "f": {
      "0": 143
    },
    "b": {
      "0": [
        143,
        143
      ]
    },
    "inputSourceMap": {
      "version": 3,
      "file": "userErrorMessage.js",
      "sourceRoot": "",
      "sources": [
        "/home/loraine/Projects/Archi P2 - Angular Java/Front-end---Testez-et-am-liorez-une-application-existante/src/app/core/constants/userErrorMessage.ts"
      ],
      "names": [],
      "mappings": "AAAA;;;GAGG;AAEH,MAAM,CAAN,IAAY,gBAYX;AAZD,WAAY,gBAAgB;IACxB,2BAA2B;IAC3B,sEAAkD,CAAA;IAClD,qEAAiD,CAAA;IACjD,qEAAiD,CAAA;IAEjD,uBAAuB;IACvB,0EAAsD,CAAA;IACtD,8EAA0D,CAAA;IAE1D,oBAAoB;IACpB,mEAA+C,CAAA;AACnD,CAAC,EAZW,gBAAgB,KAAhB,gBAAgB,QAY3B",
      "sourcesContent": [
        "/**\n * @file UserErrorMessages.ts\n * Application domain error constants.\n */\n\nexport enum UserErrorMessage {\n    /* AUTHENTICATION ERRORS */\n    INVALID_CREDENTIALS = \"Invalid email or password.\",\n    USER_NOT_FOUND = \"No user found with this email.\",\n    ACCOUNT_LOCKED = \"Account is temporarily locked.\",\n\n    /* VALIDATION ERRORS */\n    MISSING_FIELDS = \"Please fill in all required fields.\",\n    REFRESH_TOKEN_NOT_AVAILABLE = 'No refresh token available',\n\n    /* STORAGE ERRORS */\n    SECURE_STORAGE_FAILED = 'Secure storage failed'\n}"
      ]
    },
    "_coverageSchema": "1a1c01bbd47fc00a2c39e90264f33305004495a9",
    "hash": "a63e81a7f1584268366b7714334a549c3a024fa0"
  },
  "/home/loraine/Projects/Archi P2 - Angular Java/Front-end---Testez-et-am-liorez-une-application-existante/src/app/core/service/platformDetection.service.ts": {
    "path": "/home/loraine/Projects/Archi P2 - Angular Java/Front-end---Testez-et-am-liorez-une-application-existante/src/app/core/service/platformDetection.service.ts",
    "statementMap": {
      "0": {
        "start": {
          "line": 9,
          "column": 34
        },
        "end": {
          "line": 9,
          "column": 38
        }
      },
      "1": {
        "start": {
          "line": 13,
          "column": 28
        },
        "end": {
          "line": 13,
          "column": 66
        }
      },
      "2": {
        "start": {
          "line": 14,
          "column": 8
        },
        "end": {
          "line": 16,
          "column": 9
        }
      },
      "3": {
        "start": {
          "line": 15,
          "column": 12
        },
        "end": {
          "line": 15,
          "column": 59
        }
      },
      "4": {
        "start": {
          "line": 17,
          "column": 8
        },
        "end": {
          "line": 17,
          "column": 27
        }
      },
      "5": {
        "start": {
          "line": 21,
          "column": 8
        },
        "end": {
          "line": 21,
          "column": 32
        }
      },
      "6": {
        "start": {
          "line": 25,
          "column": 8
        },
        "end": {
          "line": 25,
          "column": 50
        }
      },
      "7": {
        "start": {
          "line": 30,
          "column": 8
        },
        "end": {
          "line": 30,
          "column": 35
        }
      },
      "8": {
        "start": {
          "line": 34,
          "column": 8
        },
        "end": {
          "line": 34,
          "column": 33
        }
      },
      "9": {
        "start": {
          "line": 38,
          "column": 26
        },
        "end": {
          "line": 38,
          "column": 59
        }
      },
      "10": {
        "start": {
          "line": 39,
          "column": 31
        },
        "end": {
          "line": 42,
          "column": 9
        }
      },
      "11": {
        "start": {
          "line": 43,
          "column": 8
        },
        "end": {
          "line": 43,
          "column": 75
        }
      },
      "12": {
        "start": {
          "line": 43,
          "column": 46
        },
        "end": {
          "line": 43,
          "column": 73
        }
      },
      "13": {
        "start": {
          "line": 45,
          "column": 18
        },
        "end": {
          "line": 45,
          "column": 144
        }
      },
      "14": {
        "start": {
          "line": 45,
          "column": 81
        },
        "end": {
          "line": 45,
          "column": 142
        }
      },
      "15": {
        "start": {
          "line": 46,
          "column": 33
        },
        "end": {
          "line": 46,
          "column": 151
        }
      },
      "16": {
        "start": {
          "line": 48,
          "column": 0
        },
        "end": {
          "line": 53,
          "column": 26
        }
      },
      "17": {
        "start": {
          "line": 48,
          "column": 9
        },
        "end": {
          "line": 53,
          "column": 20
        }
      }
    },
    "fnMap": {
      "0": {
        "name": "(anonymous_0)",
        "decl": {
          "start": {
            "line": 12,
            "column": 4
          },
          "end": {
            "line": 12,
            "column": 5
          }
        },
        "loc": {
          "start": {
            "line": 12,
            "column": 15
          },
          "end": {
            "line": 18,
            "column": 5
          }
        },
        "line": 12
      },
      "1": {
        "name": "(anonymous_1)",
        "decl": {
          "start": {
            "line": 20,
            "column": 4
          },
          "end": {
            "line": 20,
            "column": 5
          }
        },
        "loc": {
          "start": {
            "line": 20,
            "column": 12
          },
          "end": {
            "line": 22,
            "column": 5
          }
        },
        "line": 20
      },
      "2": {
        "name": "(anonymous_2)",
        "decl": {
          "start": {
            "line": 24,
            "column": 4
          },
          "end": {
            "line": 24,
            "column": 5
          }
        },
        "loc": {
          "start": {
            "line": 24,
            "column": 18
          },
          "end": {
            "line": 26,
            "column": 5
          }
        },
        "line": 24
      },
      "3": {
        "name": "(anonymous_3)",
        "decl": {
          "start": {
            "line": 29,
            "column": 4
          },
          "end": {
            "line": 29,
            "column": 5
          }
        },
        "loc": {
          "start": {
            "line": 29,
            "column": 18
          },
          "end": {
            "line": 31,
            "column": 5
          }
        },
        "line": 29
      },
      "4": {
        "name": "(anonymous_4)",
        "decl": {
          "start": {
            "line": 33,
            "column": 4
          },
          "end": {
            "line": 33,
            "column": 5
          }
        },
        "loc": {
          "start": {
            "line": 33,
            "column": 16
          },
          "end": {
            "line": 35,
            "column": 5
          }
        },
        "line": 33
      },
      "5": {
        "name": "(anonymous_5)",
        "decl": {
          "start": {
            "line": 37,
            "column": 4
          },
          "end": {
            "line": 37,
            "column": 5
          }
        },
        "loc": {
          "start": {
            "line": 37,
            "column": 24
          },
          "end": {
            "line": 44,
            "column": 5
          }
        },
        "line": 37
      },
      "6": {
        "name": "(anonymous_6)",
        "decl": {
          "start": {
            "line": 43,
            "column": 35
          },
          "end": {
            "line": 43,
            "column": 36
          }
        },
        "loc": {
          "start": {
            "line": 43,
            "column": 46
          },
          "end": {
            "line": 43,
            "column": 73
          }
        },
        "line": 43
      },
      "7": {
        "name": "PlatformDetectionService_Factory",
        "decl": {
          "start": {
            "line": 45,
            "column": 27
          },
          "end": {
            "line": 45,
            "column": 59
          }
        },
        "loc": {
          "start": {
            "line": 45,
            "column": 79
          },
          "end": {
            "line": 45,
            "column": 144
          }
        },
        "line": 45
      },
      "8": {
        "name": "(anonymous_8)",
        "decl": {
          "start": {
            "line": 48,
            "column": 1
          },
          "end": {
            "line": 48,
            "column": 2
          }
        },
        "loc": {
          "start": {
            "line": 48,
            "column": 7
          },
          "end": {
            "line": 53,
            "column": 22
          }
        },
        "line": 48
      }
    },
    "branchMap": {
      "0": {
        "loc": {
          "start": {
            "line": 13,
            "column": 28
          },
          "end": {
            "line": 13,
            "column": 66
          }
        },
        "type": "binary-expr",
        "locations": [
          {
            "start": {
              "line": 13,
              "column": 28
            },
            "end": {
              "line": 13,
              "column": 46
            }
          },
          {
            "start": {
              "line": 13,
              "column": 50
            },
            "end": {
              "line": 13,
              "column": 66
            }
          }
        ],
        "line": 13
      },
      "1": {
        "loc": {
          "start": {
            "line": 14,
            "column": 8
          },
          "end": {
            "line": 16,
            "column": 9
          }
        },
        "type": "if",
        "locations": [
          {
            "start": {
              "line": 14,
              "column": 8
            },
            "end": {
              "line": 16,
              "column": 9
            }
          },
          {
            "start": {},
            "end": {}
          }
        ],
        "line": 14
      },
      "2": {
        "loc": {
          "start": {
            "line": 15,
            "column": 19
          },
          "end": {
            "line": 15,
            "column": 58
          }
        },
        "type": "binary-expr",
        "locations": [
          {
            "start": {
              "line": 15,
              "column": 19
            },
            "end": {
              "line": 15,
              "column": 30
            }
          },
          {
            "start": {
              "line": 15,
              "column": 34
            },
            "end": {
              "line": 15,
              "column": 58
            }
          }
        ],
        "line": 15
      },
      "3": {
        "loc": {
          "start": {
            "line": 25,
            "column": 15
          },
          "end": {
            "line": 25,
            "column": 49
          }
        },
        "type": "cond-expr",
        "locations": [
          {
            "start": {
              "line": 25,
              "column": 33
            },
            "end": {
              "line": 25,
              "column": 41
            }
          },
          {
            "start": {
              "line": 25,
              "column": 44
            },
            "end": {
              "line": 25,
              "column": 49
            }
          }
        ],
        "line": 25
      },
      "4": {
        "loc": {
          "start": {
            "line": 45,
            "column": 93
          },
          "end": {
            "line": 45,
            "column": 138
          }
        },
        "type": "binary-expr",
        "locations": [
          {
            "start": {
              "line": 45,
              "column": 93
            },
            "end": {
              "line": 45,
              "column": 110
            }
          },
          {
            "start": {
              "line": 45,
              "column": 114
            },
            "end": {
              "line": 45,
              "column": 138
            }
          }
        ],
        "line": 45
      },
      "5": {
        "loc": {
          "start": {
            "line": 48,
            "column": 9
          },
          "end": {
            "line": 53,
            "column": 19
          }
        },
        "type": "binary-expr",
        "locations": [
          {
            "start": {
              "line": 48,
              "column": 10
            },
            "end": {
              "line": 48,
              "column": 42
            }
          },
          {
            "start": {
              "line": 48,
              "column": 46
            },
            "end": {
              "line": 48,
              "column": 55
            }
          },
          {
            "start": {
              "line": 48,
              "column": 60
            },
            "end": {
              "line": 53,
              "column": 19
            }
          }
        ],
        "line": 48
      }
    },
    "s": {
      "0": 143,
      "1": 266,
      "2": 266,
      "3": 266,
      "4": 0,
      "5": 0,
      "6": 0,
      "7": 266,
      "8": 221,
      "9": 221,
      "10": 221,
      "11": 221,
      "12": 1768,
      "13": 143,
      "14": 143,
      "15": 143,
      "16": 143,
      "17": 143
    },
    "f": {
      "0": 266,
      "1": 0,
      "2": 0,
      "3": 266,
      "4": 221,
      "5": 221,
      "6": 1768,
      "7": 143,
      "8": 143
    },
    "b": {
      "0": [
        266,
        221
      ],
      "1": [
        266,
        0
      ],
      "2": [
        266,
        221
      ],
      "3": [
        0,
        0
      ],
      "4": [
        143,
        143
      ],
      "5": [
        143,
        143,
        143
      ]
    },
    "inputSourceMap": {
      "version": 3,
      "file": "platformDetection.service.js",
      "sourceRoot": "",
      "sources": [
        "/home/loraine/Projects/Archi P2 - Angular Java/Front-end---Testez-et-am-liorez-une-application-existante/src/app/core/service/platformDetection.service.ts"
      ],
      "names": [],
      "mappings": "AAAA,OAAO,EAAE,UAAU,EAAE,MAAM,eAAe,CAAC;;AAE3C;;;GAGG;AAIH,MAAM,OAAO,wBAAwB;IAEjC,gEAAgE;IAC/C,2BAA2B,GAAG,IAAI,CAAC;IAEpD,aAAa;IACb,eAAe;IACf,QAAQ;QACJ,MAAM,WAAW,GAAG,IAAI,CAAC,WAAW,EAAE,IAAI,IAAI,CAAC,SAAS,EAAE,CAAC;QAE3D,IAAI,IAAI,CAAC,2BAA2B,EAAE,CAAC;YACnC,OAAO,WAAW,IAAI,IAAI,CAAC,iBAAiB,EAAE,CAAC;QACnD,CAAC;QAED,OAAO,WAAW,CAAC;IACvB,CAAC;IAED,YAAY;IACZ,KAAK;QACD,OAAO,CAAC,IAAI,CAAC,QAAQ,EAAE,CAAC;IAC5B,CAAC;IAED,kBAAkB;IAClB,WAAW;QACP,OAAO,IAAI,CAAC,QAAQ,EAAE,CAAC,CAAC,CAAC,QAAQ,CAAC,CAAC,CAAC,KAAK,CAAC;IAC9C,CAAC;IAED,cAAc;IACd,kBAAkB;IACV,WAAW;QACf,OAAO,CAAC,CAAE,MAAc,EAAE,SAAS,CAAC;IACxC,CAAC;IAED,gBAAgB;IACR,SAAS;QACb,OAAO,CAAC,CAAE,MAAc,EAAE,OAAO,CAAC;IACtC,CAAC;IAED,0BAA0B;IAClB,iBAAiB;QACrB,MAAM,SAAS,GAAG,SAAS,CAAC,SAAS,CAAC,WAAW,EAAE,CAAC;QACpD,MAAM,cAAc,GAAG;YACnB,SAAS,EAAE,QAAQ,EAAE,MAAM,EAAE,MAAM,EAAE,YAAY;YACjD,eAAe,EAAE,QAAQ,EAAE,QAAQ;SACtC,CAAC;QACF,OAAO,cAAc,CAAC,IAAI,CAAC,OAAO,CAAC,EAAE,CAAC,SAAS,CAAC,QAAQ,CAAC,OAAO,CAAC,CAAC,CAAC;IACvE,CAAC;kHA9CQ,wBAAwB;gEAAxB,wBAAwB,WAAxB,wBAAwB,mBAFrB,MAAM;;iFAET,wBAAwB;cAHpC,UAAU;eAAC;gBACR,UAAU,EAAE,MAAM;aACrB",
      "sourcesContent": [
        "import { Injectable } from '@angular/core';\n\n/**\n * Service - Detects whether the app runs in a native mobile container or a web browser\n * Supports Capacitor, Cordova, and user-agent-based detection\n */\n@Injectable({\n    providedIn: 'root'\n})\nexport class PlatformDetectionService {\n\n    // toggle to also include mobile user-agent strings in detection\n    private readonly ENABLE_USER_AGENT_DETECTION = true;\n\n    /** PUBLIC */\n    /* IS MOBILE */\n    isMobile(): boolean {\n        const isNativeApp = this.isCapacitor() || this.isCordova();\n\n        if (this.ENABLE_USER_AGENT_DETECTION) {\n            return isNativeApp || this.isMobileUserAgent();\n        }\n\n        return isNativeApp;\n    }\n\n    /* IS WEB */\n    isWeb(): boolean {\n        return !this.isMobile();\n    }\n\n    /* GET PLATFORM */\n    getPlatform(): 'web' | 'mobile' {\n        return this.isMobile() ? 'mobile' : 'web';\n    }\n\n    /** PRIVATE */\n    /* IS CAPACITOR */\n    private isCapacitor(): boolean {\n        return !!(window as any)?.Capacitor;\n    }\n\n    /* IS CORDOVA */\n    private isCordova(): boolean {\n        return !!(window as any)?.cordova;\n    }\n\n    /* IS MOBILE USER AGENT */\n    private isMobileUserAgent(): boolean {\n        const userAgent = navigator.userAgent.toLowerCase();\n        const mobileKeywords = [\n            'android', 'iphone', 'ipad', 'ipod', 'blackberry',\n            'windows phone', 'mobile', 'tablet'\n        ];\n        return mobileKeywords.some(keyword => userAgent.includes(keyword));\n    }\n}"
      ]
    },
    "_coverageSchema": "1a1c01bbd47fc00a2c39e90264f33305004495a9",
    "hash": "2e9efc6d29370d497e1715264f74a9d137e7ca2c"
  },
  "/home/loraine/Projects/Archi P2 - Angular Java/Front-end---Testez-et-am-liorez-une-application-existante/src/app/core/service/adaptiveStorage.service.ts": {
    "path": "/home/loraine/Projects/Archi P2 - Angular Java/Front-end---Testez-et-am-liorez-une-application-existante/src/app/core/service/adaptiveStorage.service.ts",
    "statementMap": {
      "0": {
        "start": {
          "line": 12,
          "column": 19
        },
        "end": {
          "line": 12,
          "column": 35
        }
      },
      "1": {
        "start": {
          "line": 13,
          "column": 27
        },
        "end": {
          "line": 13,
          "column": 47
        }
      },
      "2": {
        "start": {
          "line": 14,
          "column": 26
        },
        "end": {
          "line": 14,
          "column": 37
        }
      },
      "3": {
        "start": {
          "line": 16,
          "column": 15
        },
        "end": {
          "line": 16,
          "column": 19
        }
      },
      "4": {
        "start": {
          "line": 18,
          "column": 8
        },
        "end": {
          "line": 18,
          "column": 51
        }
      },
      "5": {
        "start": {
          "line": 23,
          "column": 8
        },
        "end": {
          "line": 23,
          "column": 43
        }
      },
      "6": {
        "start": {
          "line": 27,
          "column": 8
        },
        "end": {
          "line": 27,
          "column": 50
        }
      },
      "7": {
        "start": {
          "line": 31,
          "column": 8
        },
        "end": {
          "line": 31,
          "column": 50
        }
      },
      "8": {
        "start": {
          "line": 35,
          "column": 8
        },
        "end": {
          "line": 35,
          "column": 57
        }
      },
      "9": {
        "start": {
          "line": 40,
          "column": 8
        },
        "end": {
          "line": 44,
          "column": 12
        }
      },
      "10": {
        "start": {
          "line": 48,
          "column": 32
        },
        "end": {
          "line": 48,
          "column": 78
        }
      },
      "11": {
        "start": {
          "line": 49,
          "column": 8
        },
        "end": {
          "line": 50,
          "column": 25
        }
      },
      "12": {
        "start": {
          "line": 50,
          "column": 12
        },
        "end": {
          "line": 50,
          "column": 25
        }
      },
      "13": {
        "start": {
          "line": 51,
          "column": 8
        },
        "end": {
          "line": 57,
          "column": 9
        }
      },
      "14": {
        "start": {
          "line": 52,
          "column": 30
        },
        "end": {
          "line": 52,
          "column": 57
        }
      },
      "15": {
        "start": {
          "line": 53,
          "column": 12
        },
        "end": {
          "line": 53,
          "column": 40
        }
      },
      "16": {
        "start": {
          "line": 56,
          "column": 12
        },
        "end": {
          "line": 56,
          "column": 25
        }
      },
      "17": {
        "start": {
          "line": 61,
          "column": 32
        },
        "end": {
          "line": 61,
          "column": 78
        }
      },
      "18": {
        "start": {
          "line": 62,
          "column": 8
        },
        "end": {
          "line": 63,
          "column": 24
        }
      },
      "19": {
        "start": {
          "line": 63,
          "column": 12
        },
        "end": {
          "line": 63,
          "column": 24
        }
      },
      "20": {
        "start": {
          "line": 64,
          "column": 8
        },
        "end": {
          "line": 70,
          "column": 9
        }
      },
      "21": {
        "start": {
          "line": 65,
          "column": 30
        },
        "end": {
          "line": 65,
          "column": 57
        }
      },
      "22": {
        "start": {
          "line": 66,
          "column": 12
        },
        "end": {
          "line": 66,
          "column": 42
        }
      },
      "23": {
        "start": {
          "line": 69,
          "column": 12
        },
        "end": {
          "line": 69,
          "column": 24
        }
      },
      "24": {
        "start": {
          "line": 74,
          "column": 8
        },
        "end": {
          "line": 74,
          "column": 58
        }
      },
      "25": {
        "start": {
          "line": 75,
          "column": 8
        },
        "end": {
          "line": 77,
          "column": 9
        }
      },
      "26": {
        "start": {
          "line": 76,
          "column": 12
        },
        "end": {
          "line": 76,
          "column": 44
        }
      },
      "27": {
        "start": {
          "line": 82,
          "column": 8
        },
        "end": {
          "line": 92,
          "column": 9
        }
      },
      "28": {
        "start": {
          "line": 83,
          "column": 12
        },
        "end": {
          "line": 88,
          "column": 13
        }
      },
      "29": {
        "start": {
          "line": 84,
          "column": 16
        },
        "end": {
          "line": 84,
          "column": 73
        }
      },
      "30": {
        "start": {
          "line": 87,
          "column": 16
        },
        "end": {
          "line": 87,
          "column": 90
        }
      },
      "31": {
        "start": {
          "line": 90,
          "column": 13
        },
        "end": {
          "line": 92,
          "column": 9
        }
      },
      "32": {
        "start": {
          "line": 91,
          "column": 12
        },
        "end": {
          "line": 91,
          "column": 59
        }
      },
      "33": {
        "start": {
          "line": 96,
          "column": 8
        },
        "end": {
          "line": 107,
          "column": 9
        }
      },
      "34": {
        "start": {
          "line": 97,
          "column": 12
        },
        "end": {
          "line": 103,
          "column": 13
        }
      },
      "35": {
        "start": {
          "line": 98,
          "column": 16
        },
        "end": {
          "line": 98,
          "column": 73
        }
      },
      "36": {
        "start": {
          "line": 101,
          "column": 16
        },
        "end": {
          "line": 101,
          "column": 77
        }
      },
      "37": {
        "start": {
          "line": 102,
          "column": 16
        },
        "end": {
          "line": 102,
          "column": 28
        }
      },
      "38": {
        "start": {
          "line": 105,
          "column": 13
        },
        "end": {
          "line": 107,
          "column": 9
        }
      },
      "39": {
        "start": {
          "line": 106,
          "column": 12
        },
        "end": {
          "line": 106,
          "column": 59
        }
      },
      "40": {
        "start": {
          "line": 108,
          "column": 8
        },
        "end": {
          "line": 108,
          "column": 20
        }
      },
      "41": {
        "start": {
          "line": 112,
          "column": 8
        },
        "end": {
          "line": 122,
          "column": 9
        }
      },
      "42": {
        "start": {
          "line": 113,
          "column": 12
        },
        "end": {
          "line": 118,
          "column": 13
        }
      },
      "43": {
        "start": {
          "line": 114,
          "column": 16
        },
        "end": {
          "line": 114,
          "column": 81
        }
      },
      "44": {
        "start": {
          "line": 117,
          "column": 16
        },
        "end": {
          "line": 117,
          "column": 90
        }
      },
      "45": {
        "start": {
          "line": 120,
          "column": 13
        },
        "end": {
          "line": 122,
          "column": 9
        }
      },
      "46": {
        "start": {
          "line": 121,
          "column": 12
        },
        "end": {
          "line": 121,
          "column": 67
        }
      },
      "47": {
        "start": {
          "line": 126,
          "column": 8
        },
        "end": {
          "line": 137,
          "column": 9
        }
      },
      "48": {
        "start": {
          "line": 127,
          "column": 12
        },
        "end": {
          "line": 133,
          "column": 13
        }
      },
      "49": {
        "start": {
          "line": 128,
          "column": 16
        },
        "end": {
          "line": 128,
          "column": 81
        }
      },
      "50": {
        "start": {
          "line": 131,
          "column": 16
        },
        "end": {
          "line": 131,
          "column": 77
        }
      },
      "51": {
        "start": {
          "line": 132,
          "column": 16
        },
        "end": {
          "line": 132,
          "column": 28
        }
      },
      "52": {
        "start": {
          "line": 135,
          "column": 13
        },
        "end": {
          "line": 137,
          "column": 9
        }
      },
      "53": {
        "start": {
          "line": 136,
          "column": 12
        },
        "end": {
          "line": 136,
          "column": 67
        }
      },
      "54": {
        "start": {
          "line": 138,
          "column": 8
        },
        "end": {
          "line": 138,
          "column": 20
        }
      },
      "55": {
        "start": {
          "line": 142,
          "column": 8
        },
        "end": {
          "line": 149,
          "column": 9
        }
      },
      "56": {
        "start": {
          "line": 143,
          "column": 12
        },
        "end": {
          "line": 143,
          "column": 65
        }
      },
      "57": {
        "start": {
          "line": 144,
          "column": 12
        },
        "end": {
          "line": 144,
          "column": 73
        }
      },
      "58": {
        "start": {
          "line": 146,
          "column": 13
        },
        "end": {
          "line": 149,
          "column": 9
        }
      },
      "59": {
        "start": {
          "line": 147,
          "column": 12
        },
        "end": {
          "line": 147,
          "column": 55
        }
      },
      "60": {
        "start": {
          "line": 148,
          "column": 12
        },
        "end": {
          "line": 148,
          "column": 63
        }
      },
      "61": {
        "start": {
          "line": 151,
          "column": 18
        },
        "end": {
          "line": 151,
          "column": 180
        }
      },
      "62": {
        "start": {
          "line": 151,
          "column": 79
        },
        "end": {
          "line": 151,
          "column": 178
        }
      },
      "63": {
        "start": {
          "line": 152,
          "column": 33
        },
        "end": {
          "line": 152,
          "column": 147
        }
      },
      "64": {
        "start": {
          "line": 154,
          "column": 0
        },
        "end": {
          "line": 159,
          "column": 67
        }
      },
      "65": {
        "start": {
          "line": 154,
          "column": 9
        },
        "end": {
          "line": 159,
          "column": 61
        }
      },
      "66": {
        "start": {
          "line": 159,
          "column": 14
        },
        "end": {
          "line": 159,
          "column": 53
        }
      }
    },
    "fnMap": {
      "0": {
        "name": "(anonymous_0)",
        "decl": {
          "start": {
            "line": 17,
            "column": 4
          },
          "end": {
            "line": 17,
            "column": 5
          }
        },
        "loc": {
          "start": {
            "line": 17,
            "column": 35
          },
          "end": {
            "line": 19,
            "column": 5
          }
        },
        "line": 17
      },
      "1": {
        "name": "(anonymous_1)",
        "decl": {
          "start": {
            "line": 22,
            "column": 4
          },
          "end": {
            "line": 22,
            "column": 5
          }
        },
        "loc": {
          "start": {
            "line": 22,
            "column": 25
          },
          "end": {
            "line": 24,
            "column": 5
          }
        },
        "line": 22
      },
      "2": {
        "name": "(anonymous_2)",
        "decl": {
          "start": {
            "line": 26,
            "column": 4
          },
          "end": {
            "line": 26,
            "column": 5
          }
        },
        "loc": {
          "start": {
            "line": 26,
            "column": 30
          },
          "end": {
            "line": 28,
            "column": 5
          }
        },
        "line": 26
      },
      "3": {
        "name": "(anonymous_3)",
        "decl": {
          "start": {
            "line": 30,
            "column": 4
          },
          "end": {
            "line": 30,
            "column": 5
          }
        },
        "loc": {
          "start": {
            "line": 30,
            "column": 32
          },
          "end": {
            "line": 32,
            "column": 5
          }
        },
        "line": 30
      },
      "4": {
        "name": "(anonymous_4)",
        "decl": {
          "start": {
            "line": 34,
            "column": 4
          },
          "end": {
            "line": 34,
            "column": 5
          }
        },
        "loc": {
          "start": {
            "line": 34,
            "column": 37
          },
          "end": {
            "line": 36,
            "column": 5
          }
        },
        "line": 34
      },
      "5": {
        "name": "(anonymous_5)",
        "decl": {
          "start": {
            "line": 39,
            "column": 4
          },
          "end": {
            "line": 39,
            "column": 5
          }
        },
        "loc": {
          "start": {
            "line": 39,
            "column": 32
          },
          "end": {
            "line": 45,
            "column": 5
          }
        },
        "line": 39
      },
      "6": {
        "name": "(anonymous_6)",
        "decl": {
          "start": {
            "line": 47,
            "column": 4
          },
          "end": {
            "line": 47,
            "column": 5
          }
        },
        "loc": {
          "start": {
            "line": 47,
            "column": 19
          },
          "end": {
            "line": 58,
            "column": 5
          }
        },
        "line": 47
      },
      "7": {
        "name": "(anonymous_7)",
        "decl": {
          "start": {
            "line": 60,
            "column": 4
          },
          "end": {
            "line": 60,
            "column": 5
          }
        },
        "loc": {
          "start": {
            "line": 60,
            "column": 23
          },
          "end": {
            "line": 71,
            "column": 5
          }
        },
        "line": 60
      },
      "8": {
        "name": "(anonymous_8)",
        "decl": {
          "start": {
            "line": 73,
            "column": 4
          },
          "end": {
            "line": 73,
            "column": 5
          }
        },
        "loc": {
          "start": {
            "line": 73,
            "column": 26
          },
          "end": {
            "line": 78,
            "column": 5
          }
        },
        "line": 73
      },
      "9": {
        "name": "(anonymous_9)",
        "decl": {
          "start": {
            "line": 81,
            "column": 4
          },
          "end": {
            "line": 81,
            "column": 5
          }
        },
        "loc": {
          "start": {
            "line": 81,
            "column": 34
          },
          "end": {
            "line": 93,
            "column": 5
          }
        },
        "line": 81
      },
      "10": {
        "name": "(anonymous_10)",
        "decl": {
          "start": {
            "line": 95,
            "column": 4
          },
          "end": {
            "line": 95,
            "column": 5
          }
        },
        "loc": {
          "start": {
            "line": 95,
            "column": 27
          },
          "end": {
            "line": 109,
            "column": 5
          }
        },
        "line": 95
      },
      "11": {
        "name": "(anonymous_11)",
        "decl": {
          "start": {
            "line": 111,
            "column": 4
          },
          "end": {
            "line": 111,
            "column": 5
          }
        },
        "loc": {
          "start": {
            "line": 111,
            "column": 41
          },
          "end": {
            "line": 123,
            "column": 5
          }
        },
        "line": 111
      },
      "12": {
        "name": "(anonymous_12)",
        "decl": {
          "start": {
            "line": 125,
            "column": 4
          },
          "end": {
            "line": 125,
            "column": 5
          }
        },
        "loc": {
          "start": {
            "line": 125,
            "column": 34
          },
          "end": {
            "line": 139,
            "column": 5
          }
        },
        "line": 125
      },
      "13": {
        "name": "(anonymous_13)",
        "decl": {
          "start": {
            "line": 141,
            "column": 4
          },
          "end": {
            "line": 141,
            "column": 5
          }
        },
        "loc": {
          "start": {
            "line": 141,
            "column": 31
          },
          "end": {
            "line": 150,
            "column": 5
          }
        },
        "line": 141
      },
      "14": {
        "name": "AdaptiveStorageService_Factory",
        "decl": {
          "start": {
            "line": 151,
            "column": 27
          },
          "end": {
            "line": 151,
            "column": 57
          }
        },
        "loc": {
          "start": {
            "line": 151,
            "column": 77
          },
          "end": {
            "line": 151,
            "column": 180
          }
        },
        "line": 151
      },
      "15": {
        "name": "(anonymous_15)",
        "decl": {
          "start": {
            "line": 154,
            "column": 1
          },
          "end": {
            "line": 154,
            "column": 2
          }
        },
        "loc": {
          "start": {
            "line": 154,
            "column": 7
          },
          "end": {
            "line": 159,
            "column": 63
          }
        },
        "line": 154
      },
      "16": {
        "name": "(anonymous_16)",
        "decl": {
          "start": {
            "line": 159,
            "column": 8
          },
          "end": {
            "line": 159,
            "column": 9
          }
        },
        "loc": {
          "start": {
            "line": 159,
            "column": 14
          },
          "end": {
            "line": 159,
            "column": 53
          }
        },
        "line": 159
      }
    },
    "branchMap": {
      "0": {
        "loc": {
          "start": {
            "line": 49,
            "column": 8
          },
          "end": {
            "line": 50,
            "column": 25
          }
        },
        "type": "if",
        "locations": [
          {
            "start": {
              "line": 49,
              "column": 8
            },
            "end": {
              "line": 50,
              "column": 25
            }
          },
          {
            "start": {},
            "end": {}
          }
        ],
        "line": 49
      },
      "1": {
        "loc": {
          "start": {
            "line": 62,
            "column": 8
          },
          "end": {
            "line": 63,
            "column": 24
          }
        },
        "type": "if",
        "locations": [
          {
            "start": {
              "line": 62,
              "column": 8
            },
            "end": {
              "line": 63,
              "column": 24
            }
          },
          {
            "start": {},
            "end": {}
          }
        ],
        "line": 62
      },
      "2": {
        "loc": {
          "start": {
            "line": 66,
            "column": 19
          },
          "end": {
            "line": 66,
            "column": 41
          }
        },
        "type": "binary-expr",
        "locations": [
          {
            "start": {
              "line": 66,
              "column": 19
            },
            "end": {
              "line": 66,
              "column": 33
            }
          },
          {
            "start": {
              "line": 66,
              "column": 37
            },
            "end": {
              "line": 66,
              "column": 41
            }
          }
        ],
        "line": 66
      },
      "3": {
        "loc": {
          "start": {
            "line": 75,
            "column": 8
          },
          "end": {
            "line": 77,
            "column": 9
          }
        },
        "type": "if",
        "locations": [
          {
            "start": {
              "line": 75,
              "column": 8
            },
            "end": {
              "line": 77,
              "column": 9
            }
          },
          {
            "start": {},
            "end": {}
          }
        ],
        "line": 75
      },
      "4": {
        "loc": {
          "start": {
            "line": 82,
            "column": 8
          },
          "end": {
            "line": 92,
            "column": 9
          }
        },
        "type": "if",
        "locations": [
          {
            "start": {
              "line": 82,
              "column": 8
            },
            "end": {
              "line": 92,
              "column": 9
            }
          },
          {
            "start": {
              "line": 90,
              "column": 13
            },
            "end": {
              "line": 92,
              "column": 9
            }
          }
        ],
        "line": 82
      },
      "5": {
        "loc": {
          "start": {
            "line": 90,
            "column": 13
          },
          "end": {
            "line": 92,
            "column": 9
          }
        },
        "type": "if",
        "locations": [
          {
            "start": {
              "line": 90,
              "column": 13
            },
            "end": {
              "line": 92,
              "column": 9
            }
          },
          {
            "start": {},
            "end": {}
          }
        ],
        "line": 90
      },
      "6": {
        "loc": {
          "start": {
            "line": 96,
            "column": 8
          },
          "end": {
            "line": 107,
            "column": 9
          }
        },
        "type": "if",
        "locations": [
          {
            "start": {
              "line": 96,
              "column": 8
            },
            "end": {
              "line": 107,
              "column": 9
            }
          },
          {
            "start": {
              "line": 105,
              "column": 13
            },
            "end": {
              "line": 107,
              "column": 9
            }
          }
        ],
        "line": 96
      },
      "7": {
        "loc": {
          "start": {
            "line": 105,
            "column": 13
          },
          "end": {
            "line": 107,
            "column": 9
          }
        },
        "type": "if",
        "locations": [
          {
            "start": {
              "line": 105,
              "column": 13
            },
            "end": {
              "line": 107,
              "column": 9
            }
          },
          {
            "start": {},
            "end": {}
          }
        ],
        "line": 105
      },
      "8": {
        "loc": {
          "start": {
            "line": 112,
            "column": 8
          },
          "end": {
            "line": 122,
            "column": 9
          }
        },
        "type": "if",
        "locations": [
          {
            "start": {
              "line": 112,
              "column": 8
            },
            "end": {
              "line": 122,
              "column": 9
            }
          },
          {
            "start": {
              "line": 120,
              "column": 13
            },
            "end": {
              "line": 122,
              "column": 9
            }
          }
        ],
        "line": 112
      },
      "9": {
        "loc": {
          "start": {
            "line": 120,
            "column": 13
          },
          "end": {
            "line": 122,
            "column": 9
          }
        },
        "type": "if",
        "locations": [
          {
            "start": {
              "line": 120,
              "column": 13
            },
            "end": {
              "line": 122,
              "column": 9
            }
          },
          {
            "start": {},
            "end": {}
          }
        ],
        "line": 120
      },
      "10": {
        "loc": {
          "start": {
            "line": 126,
            "column": 8
          },
          "end": {
            "line": 137,
            "column": 9
          }
        },
        "type": "if",
        "locations": [
          {
            "start": {
              "line": 126,
              "column": 8
            },
            "end": {
              "line": 137,
              "column": 9
            }
          },
          {
            "start": {
              "line": 135,
              "column": 13
            },
            "end": {
              "line": 137,
              "column": 9
            }
          }
        ],
        "line": 126
      },
      "11": {
        "loc": {
          "start": {
            "line": 135,
            "column": 13
          },
          "end": {
            "line": 137,
            "column": 9
          }
        },
        "type": "if",
        "locations": [
          {
            "start": {
              "line": 135,
              "column": 13
            },
            "end": {
              "line": 137,
              "column": 9
            }
          },
          {
            "start": {},
            "end": {}
          }
        ],
        "line": 135
      },
      "12": {
        "loc": {
          "start": {
            "line": 142,
            "column": 8
          },
          "end": {
            "line": 149,
            "column": 9
          }
        },
        "type": "if",
        "locations": [
          {
            "start": {
              "line": 142,
              "column": 8
            },
            "end": {
              "line": 149,
              "column": 9
            }
          },
          {
            "start": {
              "line": 146,
              "column": 13
            },
            "end": {
              "line": 149,
              "column": 9
            }
          }
        ],
        "line": 142
      },
      "13": {
        "loc": {
          "start": {
            "line": 146,
            "column": 13
          },
          "end": {
            "line": 149,
            "column": 9
          }
        },
        "type": "if",
        "locations": [
          {
            "start": {
              "line": 146,
              "column": 13
            },
            "end": {
              "line": 149,
              "column": 9
            }
          },
          {
            "start": {},
            "end": {}
          }
        ],
        "line": 146
      },
      "14": {
        "loc": {
          "start": {
            "line": 151,
            "column": 91
          },
          "end": {
            "line": 151,
            "column": 134
          }
        },
        "type": "binary-expr",
        "locations": [
          {
            "start": {
              "line": 151,
              "column": 91
            },
            "end": {
              "line": 151,
              "column": 108
            }
          },
          {
            "start": {
              "line": 151,
              "column": 112
            },
            "end": {
              "line": 151,
              "column": 134
            }
          }
        ],
        "line": 151
      },
      "15": {
        "loc": {
          "start": {
            "line": 154,
            "column": 9
          },
          "end": {
            "line": 159,
            "column": 60
          }
        },
        "type": "binary-expr",
        "locations": [
          {
            "start": {
              "line": 154,
              "column": 10
            },
            "end": {
              "line": 154,
              "column": 42
            }
          },
          {
            "start": {
              "line": 154,
              "column": 46
            },
            "end": {
              "line": 154,
              "column": 55
            }
          },
          {
            "start": {
              "line": 154,
              "column": 60
            },
            "end": {
              "line": 159,
              "column": 60
            }
          }
        ],
        "line": 154
      }
    },
    "s": {
      "0": 143,
      "1": 143,
      "2": 143,
      "3": 143,
      "4": 143,
      "5": 18,
      "6": 6,
      "7": 3,
      "8": 3,
      "9": 34,
      "10": 21740,
      "11": 21740,
      "12": 15874,
      "13": 5866,
      "14": 5866,
      "15": 5776,
      "16": 90,
      "17": 7164,
      "18": 7164,
      "19": 5242,
      "20": 1922,
      "21": 1922,
      "22": 1898,
      "23": 24,
      "24": 5,
      "25": 5,
      "26": 3,
      "27": 6,
      "28": 0,
      "29": 0,
      "30": 0,
      "31": 6,
      "32": 6,
      "33": 18,
      "34": 0,
      "35": 0,
      "36": 0,
      "37": 0,
      "38": 18,
      "39": 18,
      "40": 0,
      "41": 3,
      "42": 0,
      "43": 0,
      "44": 0,
      "45": 3,
      "46": 3,
      "47": 3,
      "48": 0,
      "49": 0,
      "50": 0,
      "51": 0,
      "52": 3,
      "53": 3,
      "54": 0,
      "55": 3,
      "56": 0,
      "57": 0,
      "58": 3,
      "59": 3,
      "60": 3,
      "61": 143,
      "62": 143,
      "63": 143,
      "64": 143,
      "65": 143,
      "66": 0
    },
    "f": {
      "0": 143,
      "1": 18,
      "2": 6,
      "3": 3,
      "4": 3,
      "5": 34,
      "6": 21740,
      "7": 7164,
      "8": 5,
      "9": 6,
      "10": 18,
      "11": 3,
      "12": 3,
      "13": 3,
      "14": 143,
      "15": 143,
      "16": 0
    },
    "b": {
      "0": [
        15874,
        5866
      ],
      "1": [
        5242,
        1922
      ],
      "2": [
        1898,
        18
      ],
      "3": [
        3,
        2
      ],
      "4": [
        0,
        6
      ],
      "5": [
        6,
        0
      ],
      "6": [
        0,
        18
      ],
      "7": [
        18,
        0
      ],
      "8": [
        0,
        3
      ],
      "9": [
        3,
        0
      ],
      "10": [
        0,
        3
      ],
      "11": [
        3,
        0
      ],
      "12": [
        0,
        3
      ],
      "13": [
        3,
        0
      ],
      "14": [
        143,
        143
      ],
      "15": [
        143,
        143,
        143
      ]
    },
    "inputSourceMap": {
      "version": 3,
      "file": "adaptiveStorage.service.js",
      "sourceRoot": "",
      "sources": [
        "/home/loraine/Projects/Archi P2 - Angular Java/Front-end---Testez-et-am-liorez-une-application-existante/src/app/core/service/adaptiveStorage.service.ts"
      ],
      "names": [],
      "mappings": "AAAA,OAAO,EAAE,UAAU,EAAE,MAAM,eAAe,CAAC;AAK3C,OAAO,EAAE,gBAAgB,EAAE,MAAM,+BAA+B,CAAC;;;AAEjE;;;;GAIG;AAIH,MAAM,OAAO,sBAAsB;IAQX;IANH,YAAY,GAAG,gBAAgB,CAAC;IAChC,oBAAoB,GAAG,oBAAoB,CAAC;IAC5C,mBAAmB,GAAG,WAAW,CAAC;IACnD,kFAAkF;IACjE,QAAQ,GAAG,IAAI,CAAC;IAEjC,YAAoB,iBAA2C;QAA3C,sBAAiB,GAAjB,iBAAiB,CAA0B;IAAI,CAAC;IAEpE,aAAa;IACb,oBAAoB;IACpB,KAAK,CAAC,YAAY;QACd,OAAO,MAAM,IAAI,CAAC,cAAc,EAAE,CAAC;IACvC,CAAC;IAED,oBAAoB;IACpB,KAAK,CAAC,YAAY,CAAC,KAAa;QAC5B,OAAO,MAAM,IAAI,CAAC,gBAAgB,CAAC,KAAK,CAAC,CAAC;IAC9C,CAAC;IAED,4BAA4B;IAC5B,KAAK,CAAC,mBAAmB;QACrB,OAAO,MAAM,IAAI,CAAC,qBAAqB,EAAE,CAAC;IAC9C,CAAC;IAED,4BAA4B;IAC5B,KAAK,CAAC,mBAAmB,CAAC,KAAa;QACnC,OAAO,MAAM,IAAI,CAAC,uBAAuB,CAAC,KAAK,CAAC,CAAC;IACrD,CAAC;IAED,oBAAoB;IACpB,gFAAgF;IAChF,YAAY,CAAC,aAA4B;QACrC,YAAY,CAAC,OAAO,CAAC,IAAI,CAAC,mBAAmB,EAAE,IAAI,CAAC,SAAS,CAAC;YAC1D,UAAU,EAAE,aAAa,CAAC,OAAO;YACjC,QAAQ,EAAE,aAAa,CAAC,QAAQ;YAChC,IAAI,EAAE,aAAa,CAAC,IAAI;SAC3B,CAAC,CAAC,CAAC;IACR,CAAC;IAED,oBAAoB;IACpB,YAAY;QACR,MAAM,eAAe,GAAG,YAAY,CAAC,OAAO,CAAC,IAAI,CAAC,mBAAmB,CAAC,CAAC;QACvE,IAAI,CAAC,eAAe;YAAE,OAAO,KAAK,CAAC;QACnC,IAAI,CAAC;YACD,MAAM,SAAS,GAAG,IAAI,CAAC,KAAK,CAAC,eAAe,CAAC,CAAC;YAC9C,OAAO,SAAS,CAAC,UAAU,CAAC;QAChC,CAAC;QAAC,OAAO,KAAK,EAAE,CAAC;YACb,OAAO,KAAK,CAAC;QACjB,CAAC;IACL,CAAC;IAED,yBAAyB;IACzB,gBAAgB;QACZ,MAAM,eAAe,GAAG,YAAY,CAAC,OAAO,CAAC,IAAI,CAAC,mBAAmB,CAAC,CAAC;QACvE,IAAI,CAAC,eAAe;YAAE,OAAO,IAAI,CAAC;QAClC,IAAI,CAAC;YACD,MAAM,SAAS,GAAG,IAAI,CAAC,KAAK,CAAC,eAAe,CAAC,CAAC;YAC9C,OAAO,SAAS,CAAC,IAAI,IAAI,IAAI,CAAC;QAClC,CAAC;QAAC,OAAO,KAAK,EAAE,CAAC;YACb,OAAO,IAAI,CAAC;QAChB,CAAC;IACL,CAAC;IAED,qBAAqB;IACrB,KAAK,CAAC,aAAa;QACf,YAAY,CAAC,UAAU,CAAC,IAAI,CAAC,mBAAmB,CAAC,CAAC;QAClD,IAAI,IAAI,CAAC,iBAAiB,CAAC,QAAQ,EAAE,EAAE,CAAC;YACpC,MAAM,IAAI,CAAC,kBAAkB,EAAE,CAAC;QACpC,CAAC;IACL,CAAC;IAED,cAAc;IACd,wBAAwB;IAChB,KAAK,CAAC,gBAAgB,CAAC,KAAa;QACxC,IAAK,MAAc,CAAC,aAAa,EAAE,CAAC;YAChC,IAAI,CAAC;gBACD,MAAO,MAAc,CAAC,aAAa,CAAC,GAAG,CAAC,IAAI,CAAC,YAAY,EAAE,KAAK,CAAC,CAAC;YACtE,CAAC;YAAC,OAAO,KAAK,EAAE,CAAC;gBACb,MAAM,IAAI,KAAK,CAAC,gBAAgB,CAAC,qBAAqB,EAAE,EAAE,KAAK,EAAE,KAAK,EAAE,CAAC,CAAC;YAC9E,CAAC;QACL,CAAC;aAAM,IAAI,IAAI,CAAC,QAAQ,EAAE,CAAC;YACvB,YAAY,CAAC,OAAO,CAAC,IAAI,CAAC,YAAY,EAAE,KAAK,CAAC,CAAC;QACnD,CAAC;IACL,CAAC;IAED,sBAAsB;IACd,KAAK,CAAC,cAAc;QACxB,IAAK,MAAc,CAAC,aAAa,EAAE,CAAC;YAChC,IAAI,CAAC;gBACD,OAAO,MAAO,MAAc,CAAC,aAAa,CAAC,GAAG,CAAC,IAAI,CAAC,YAAY,CAAC,CAAC;YACtE,CAAC;YAAC,OAAO,KAAK,EAAE,CAAC;gBACb,OAAO,CAAC,KAAK,CAAC,gBAAgB,CAAC,qBAAqB,EAAE,KAAK,CAAC,CAAC;gBAC7D,OAAO,IAAI,CAAC;YAChB,CAAC;QACL,CAAC;aAAM,IAAI,IAAI,CAAC,QAAQ,EAAE,CAAC;YACvB,OAAO,YAAY,CAAC,OAAO,CAAC,IAAI,CAAC,YAAY,CAAC,CAAC;QACnD,CAAC;QACD,OAAO,IAAI,CAAC;IAChB,CAAC;IAED,gCAAgC;IACxB,KAAK,CAAC,uBAAuB,CAAC,KAAa;QAC/C,IAAK,MAAc,CAAC,aAAa,EAAE,CAAC;YAChC,IAAI,CAAC;gBACD,MAAO,MAAc,CAAC,aAAa,CAAC,GAAG,CAAC,IAAI,CAAC,oBAAoB,EAAE,KAAK,CAAC,CAAC;YAC9E,CAAC;YAAC,OAAO,KAAK,EAAE,CAAC;gBACb,MAAM,IAAI,KAAK,CAAC,gBAAgB,CAAC,qBAAqB,EAAE,EAAE,KAAK,EAAE,KAAK,EAAE,CAAC,CAAC;YAC9E,CAAC;QACL,CAAC;aAAM,IAAI,IAAI,CAAC,QAAQ,EAAE,CAAC;YACvB,YAAY,CAAC,OAAO,CAAC,IAAI,CAAC,oBAAoB,EAAE,KAAK,CAAC,CAAC;QAC3D,CAAC;IACL,CAAC;IAED,8BAA8B;IACtB,KAAK,CAAC,qBAAqB;QAC/B,IAAK,MAAc,CAAC,aAAa,EAAE,CAAC;YAChC,IAAI,CAAC;gBACD,OAAO,MAAO,MAAc,CAAC,aAAa,CAAC,GAAG,CAAC,IAAI,CAAC,oBAAoB,CAAC,CAAC;YAC9E,CAAC;YAAC,OAAO,KAAK,EAAE,CAAC;gBACb,OAAO,CAAC,KAAK,CAAC,gBAAgB,CAAC,qBAAqB,EAAE,KAAK,CAAC,CAAC;gBAC7D,OAAO,IAAI,CAAC;YAChB,CAAC;QACL,CAAC;aAAM,IAAI,IAAI,CAAC,QAAQ,EAAE,CAAC;YACvB,OAAO,YAAY,CAAC,OAAO,CAAC,IAAI,CAAC,oBAAoB,CAAC,CAAC;QAC3D,CAAC;QACD,OAAO,IAAI,CAAC;IAChB,CAAC;IAED,0BAA0B;IAClB,KAAK,CAAC,kBAAkB;QAC5B,IAAK,MAAc,CAAC,aAAa,EAAE,CAAC;YAChC,MAAO,MAAc,CAAC,aAAa,CAAC,MAAM,CAAC,IAAI,CAAC,YAAY,CAAC,CAAC;YAC9D,MAAO,MAAc,CAAC,aAAa,CAAC,MAAM,CAAC,IAAI,CAAC,oBAAoB,CAAC,CAAC;QAC1E,CAAC;aAAM,IAAI,IAAI,CAAC,QAAQ,EAAE,CAAC;YACvB,YAAY,CAAC,UAAU,CAAC,IAAI,CAAC,YAAY,CAAC,CAAC;YAC3C,YAAY,CAAC,UAAU,CAAC,IAAI,CAAC,oBAAoB,CAAC,CAAC;QACvD,CAAC;IACL,CAAC;gHA3IQ,sBAAsB;gEAAtB,sBAAsB,WAAtB,sBAAsB,mBAFnB,MAAM;;iFAET,sBAAsB;cAHlC,UAAU;eAAC;gBACR,UAAU,EAAE,MAAM;aACrB",
      "sourcesContent": [
        "import { Injectable } from '@angular/core';\nimport { PlatformDetectionService } from './platformDetection.service';\nimport { UserDTO } from '../models/User';\nimport { StorageServiceInterface } from './servicesImpl/storageServiceInterface';\nimport { LoginResponse } from '../DTO/LoginResponse';\nimport { UserErrorMessage } from '../constants/userErrorMessage';\n\n/**\n * Service - Platform-aware token storage for mobile JWT flows\n * On mobile: uses native SecureStorage (Keychain/Keystore)\n * On web: cookies are handled by the browser — this service is not used\n */\n@Injectable({\n    providedIn: 'root'\n})\nexport class AdaptiveStorageService implements StorageServiceInterface {\n\n    private readonly JWT_KEY_NAME = 'auth_jwt_token';\n    private readonly JWT_REFRESH_KEY_NAME = 'auth_refresh_token';\n    private readonly AUTH_STATE_KEY_NAME = 'authState';\n    // DEV_MODE allows localStorage fallback when native secure storage is unavailable\n    private readonly DEV_MODE = true;\n\n    constructor(private platformDetection: PlatformDetectionService) { }\n\n    /** PUBLIC */\n    /* GET AUTH TOKEN */\n    async getAuthToken(): Promise<string | null> {\n        return await this.getMobileToken();\n    }\n\n    /* SET AUTH TOKEN */\n    async setAuthToken(token: string): Promise<void> {\n        return await this.storeMobileToken(token);\n    }\n\n    /* GET AUTH REFRESH TOKEN */\n    async getAuthRefreshToken(): Promise<string | null> {\n        return await this.getMobileRefreshToken();\n    }\n\n    /* SET AUTH REFRESH TOKEN */\n    async setAuthRefreshToken(token: string): Promise<void> {\n        return await this.storeMobileRefreshToken(token);\n    }\n\n    /* SET AUTH STATE */\n    // stores login result in localStorage so isLoggedIn() works across page reloads\n    setAuthState(loginResponse: LoginResponse): void {\n        localStorage.setItem(this.AUTH_STATE_KEY_NAME, JSON.stringify({\n            isLoggedIn: loginResponse.success,\n            authType: loginResponse.authType,\n            user: loginResponse.user\n        }));\n    }\n\n    /* GET AUTH STATE */\n    getAuthState(): boolean {\n        const authStateString = localStorage.getItem(this.AUTH_STATE_KEY_NAME);\n        if (!authStateString) return false;\n        try {\n            const authState = JSON.parse(authStateString);\n            return authState.isLoggedIn;\n        } catch (error) {\n            return false;\n        }\n    }\n\n    /* GET AUTH STATE USER */\n    getAuthStateUser(): UserDTO | null {\n        const authStateString = localStorage.getItem(this.AUTH_STATE_KEY_NAME);\n        if (!authStateString) return null;\n        try {\n            const authState = JSON.parse(authStateString);\n            return authState.user || null;\n        } catch (error) {\n            return null;\n        }\n    }\n\n    /* CLEAR AUTH DATA */\n    async clearAuthData(): Promise<void> {\n        localStorage.removeItem(this.AUTH_STATE_KEY_NAME);\n        if (this.platformDetection.isMobile()) {\n            await this.clearMobileStorage();\n        }\n    }\n\n    /** PRIVATE */\n    /* STORE MOBILE TOKEN */\n    private async storeMobileToken(token: string): Promise<void> {\n        if ((window as any).SecureStorage) {\n            try {\n                await (window as any).SecureStorage.set(this.JWT_KEY_NAME, token);\n            } catch (error) {\n                throw new Error(UserErrorMessage.SECURE_STORAGE_FAILED, { cause: error });\n            }\n        } else if (this.DEV_MODE) {\n            localStorage.setItem(this.JWT_KEY_NAME, token);\n        }\n    }\n\n    /* GET MOBILE TOKEN */\n    private async getMobileToken(): Promise<string | null> {\n        if ((window as any).SecureStorage) {\n            try {\n                return await (window as any).SecureStorage.get(this.JWT_KEY_NAME);\n            } catch (error) {\n                console.error(UserErrorMessage.SECURE_STORAGE_FAILED, error);\n                return null;\n            }\n        } else if (this.DEV_MODE) {\n            return localStorage.getItem(this.JWT_KEY_NAME);\n        }\n        return null;\n    }\n\n    /* STORE MOBILE REFRESH TOKEN */\n    private async storeMobileRefreshToken(token: string): Promise<void> {\n        if ((window as any).SecureStorage) {\n            try {\n                await (window as any).SecureStorage.set(this.JWT_REFRESH_KEY_NAME, token);\n            } catch (error) {\n                throw new Error(UserErrorMessage.SECURE_STORAGE_FAILED, { cause: error });\n            }\n        } else if (this.DEV_MODE) {\n            localStorage.setItem(this.JWT_REFRESH_KEY_NAME, token);\n        }\n    }\n\n    /* GET MOBILE REFRESH TOKEN */\n    private async getMobileRefreshToken(): Promise<string | null> {\n        if ((window as any).SecureStorage) {\n            try {\n                return await (window as any).SecureStorage.get(this.JWT_REFRESH_KEY_NAME);\n            } catch (error) {\n                console.error(UserErrorMessage.SECURE_STORAGE_FAILED, error);\n                return null;\n            }\n        } else if (this.DEV_MODE) {\n            return localStorage.getItem(this.JWT_REFRESH_KEY_NAME);\n        }\n        return null;\n    }\n\n    /* CLEAR MOBILE STORAGE */\n    private async clearMobileStorage(): Promise<void> {\n        if ((window as any).SecureStorage) {\n            await (window as any).SecureStorage.remove(this.JWT_KEY_NAME);\n            await (window as any).SecureStorage.remove(this.JWT_REFRESH_KEY_NAME);\n        } else if (this.DEV_MODE) {\n            localStorage.removeItem(this.JWT_KEY_NAME);\n            localStorage.removeItem(this.JWT_REFRESH_KEY_NAME);\n        }\n    }\n}"
      ]
    },
    "_coverageSchema": "1a1c01bbd47fc00a2c39e90264f33305004495a9",
    "hash": "b39d4e5bfa84b86cace71b178a6358738c74d606"
  },
  "/home/loraine/Projects/Archi P2 - Angular Java/Front-end---Testez-et-am-liorez-une-application-existante/src/app/core/service/user.service.ts": {
    "path": "/home/loraine/Projects/Archi P2 - Angular Java/Front-end---Testez-et-am-liorez-une-application-existante/src/app/core/service/user.service.ts",
    "statementMap": {
      "0": {
        "start": {
          "line": 20,
          "column": 13
        },
        "end": {
          "line": 20,
          "column": 19
        }
      },
      "1": {
        "start": {
          "line": 22,
          "column": 8
        },
        "end": {
          "line": 22,
          "column": 37
        }
      },
      "2": {
        "start": {
          "line": 23,
          "column": 8
        },
        "end": {
          "line": 23,
          "column": 51
        }
      },
      "3": {
        "start": {
          "line": 24,
          "column": 8
        },
        "end": {
          "line": 24,
          "column": 47
        }
      },
      "4": {
        "start": {
          "line": 25,
          "column": 8
        },
        "end": {
          "line": 25,
          "column": 29
        }
      },
      "5": {
        "start": {
          "line": 30,
          "column": 8
        },
        "end": {
          "line": 32,
          "column": 9
        }
      },
      "6": {
        "start": {
          "line": 31,
          "column": 12
        },
        "end": {
          "line": 31,
          "column": 61
        }
      },
      "7": {
        "start": {
          "line": 33,
          "column": 8
        },
        "end": {
          "line": 33,
          "column": 72
        }
      },
      "8": {
        "start": {
          "line": 37,
          "column": 8
        },
        "end": {
          "line": 39,
          "column": 9
        }
      },
      "9": {
        "start": {
          "line": 38,
          "column": 12
        },
        "end": {
          "line": 38,
          "column": 61
        }
      },
      "10": {
        "start": {
          "line": 40,
          "column": 29
        },
        "end": {
          "line": 43,
          "column": 9
        }
      },
      "11": {
        "start": {
          "line": 44,
          "column": 8
        },
        "end": {
          "line": 44,
          "column": 180
        }
      },
      "12": {
        "start": {
          "line": 44,
          "column": 132
        },
        "end": {
          "line": 44,
          "column": 177
        }
      },
      "13": {
        "start": {
          "line": 48,
          "column": 8
        },
        "end": {
          "line": 54,
          "column": 11
        }
      },
      "14": {
        "start": {
          "line": 50,
          "column": 12
        },
        "end": {
          "line": 50,
          "column": 49
        }
      },
      "15": {
        "start": {
          "line": 51,
          "column": 12
        },
        "end": {
          "line": 51,
          "column": 44
        }
      },
      "16": {
        "start": {
          "line": 53,
          "column": 30
        },
        "end": {
          "line": 53,
          "column": 103
        }
      },
      "17": {
        "start": {
          "line": 58,
          "column": 8
        },
        "end": {
          "line": 58,
          "column": 55
        }
      },
      "18": {
        "start": {
          "line": 62,
          "column": 8
        },
        "end": {
          "line": 62,
          "column": 51
        }
      },
      "19": {
        "start": {
          "line": 66,
          "column": 8
        },
        "end": {
          "line": 66,
          "column": 100
        }
      },
      "20": {
        "start": {
          "line": 70,
          "column": 8
        },
        "end": {
          "line": 72,
          "column": 9
        }
      },
      "21": {
        "start": {
          "line": 71,
          "column": 12
        },
        "end": {
          "line": 71,
          "column": 59
        }
      },
      "22": {
        "start": {
          "line": 76,
          "column": 25
        },
        "end": {
          "line": 76,
          "column": 58
        }
      },
      "23": {
        "start": {
          "line": 77,
          "column": 8
        },
        "end": {
          "line": 79,
          "column": 9
        }
      },
      "24": {
        "start": {
          "line": 78,
          "column": 12
        },
        "end": {
          "line": 78,
          "column": 70
        }
      },
      "25": {
        "start": {
          "line": 80,
          "column": 8
        },
        "end": {
          "line": 90,
          "column": 12
        }
      },
      "26": {
        "start": {
          "line": 81,
          "column": 12
        },
        "end": {
          "line": 82,
          "column": 97
        }
      },
      "27": {
        "start": {
          "line": 82,
          "column": 16
        },
        "end": {
          "line": 82,
          "column": 97
        }
      },
      "28": {
        "start": {
          "line": 82,
          "column": 40
        },
        "end": {
          "line": 82,
          "column": 95
        }
      },
      "29": {
        "start": {
          "line": 83,
          "column": 12
        },
        "end": {
          "line": 83,
          "column": 109
        }
      },
      "30": {
        "start": {
          "line": 85,
          "column": 26
        },
        "end": {
          "line": 85,
          "column": 69
        }
      },
      "31": {
        "start": {
          "line": 86,
          "column": 12
        },
        "end": {
          "line": 88,
          "column": 13
        }
      },
      "32": {
        "start": {
          "line": 87,
          "column": 16
        },
        "end": {
          "line": 87,
          "column": 105
        }
      },
      "33": {
        "start": {
          "line": 87,
          "column": 85
        },
        "end": {
          "line": 87,
          "column": 102
        }
      },
      "34": {
        "start": {
          "line": 89,
          "column": 12
        },
        "end": {
          "line": 89,
          "column": 41
        }
      },
      "35": {
        "start": {
          "line": 95,
          "column": 25
        },
        "end": {
          "line": 95,
          "column": 42
        }
      },
      "36": {
        "start": {
          "line": 96,
          "column": 8
        },
        "end": {
          "line": 97,
          "column": 28
        }
      },
      "37": {
        "start": {
          "line": 97,
          "column": 12
        },
        "end": {
          "line": 97,
          "column": 28
        }
      },
      "38": {
        "start": {
          "line": 98,
          "column": 8
        },
        "end": {
          "line": 98,
          "column": 52
        }
      },
      "39": {
        "start": {
          "line": 99,
          "column": 8
        },
        "end": {
          "line": 107,
          "column": 9
        }
      },
      "40": {
        "start": {
          "line": 100,
          "column": 12
        },
        "end": {
          "line": 102,
          "column": 13
        }
      },
      "41": {
        "start": {
          "line": 101,
          "column": 16
        },
        "end": {
          "line": 101,
          "column": 86
        }
      },
      "42": {
        "start": {
          "line": 103,
          "column": 26
        },
        "end": {
          "line": 103,
          "column": 69
        }
      },
      "43": {
        "start": {
          "line": 104,
          "column": 12
        },
        "end": {
          "line": 106,
          "column": 13
        }
      },
      "44": {
        "start": {
          "line": 105,
          "column": 16
        },
        "end": {
          "line": 105,
          "column": 63
        }
      },
      "45": {
        "start": {
          "line": 108,
          "column": 8
        },
        "end": {
          "line": 108,
          "column": 24
        }
      },
      "46": {
        "start": {
          "line": 112,
          "column": 27
        },
        "end": {
          "line": 112,
          "column": 64
        }
      },
      "47": {
        "start": {
          "line": 113,
          "column": 8
        },
        "end": {
          "line": 115,
          "column": 9
        }
      },
      "48": {
        "start": {
          "line": 114,
          "column": 12
        },
        "end": {
          "line": 114,
          "column": 43
        }
      },
      "49": {
        "start": {
          "line": 116,
          "column": 8
        },
        "end": {
          "line": 116,
          "column": 20
        }
      },
      "50": {
        "start": {
          "line": 118,
          "column": 18
        },
        "end": {
          "line": 118,
          "column": 250
        }
      },
      "51": {
        "start": {
          "line": 118,
          "column": 68
        },
        "end": {
          "line": 118,
          "column": 248
        }
      },
      "52": {
        "start": {
          "line": 119,
          "column": 33
        },
        "end": {
          "line": 119,
          "column": 125
        }
      },
      "53": {
        "start": {
          "line": 121,
          "column": 0
        },
        "end": {
          "line": 126,
          "column": 150
        }
      },
      "54": {
        "start": {
          "line": 121,
          "column": 9
        },
        "end": {
          "line": 126,
          "column": 144
        }
      },
      "55": {
        "start": {
          "line": 126,
          "column": 14
        },
        "end": {
          "line": 126,
          "column": 136
        }
      }
    },
    "fnMap": {
      "0": {
        "name": "(anonymous_0)",
        "decl": {
          "start": {
            "line": 21,
            "column": 4
          },
          "end": {
            "line": 21,
            "column": 5
          }
        },
        "loc": {
          "start": {
            "line": 21,
            "column": 72
          },
          "end": {
            "line": 26,
            "column": 5
          }
        },
        "line": 21
      },
      "1": {
        "name": "(anonymous_1)",
        "decl": {
          "start": {
            "line": 29,
            "column": 4
          },
          "end": {
            "line": 29,
            "column": 5
          }
        },
        "loc": {
          "start": {
            "line": 29,
            "column": 22
          },
          "end": {
            "line": 34,
            "column": 5
          }
        },
        "line": 29
      },
      "2": {
        "name": "(anonymous_2)",
        "decl": {
          "start": {
            "line": 36,
            "column": 4
          },
          "end": {
            "line": 36,
            "column": 5
          }
        },
        "loc": {
          "start": {
            "line": 36,
            "column": 17
          },
          "end": {
            "line": 45,
            "column": 5
          }
        },
        "line": 36
      },
      "3": {
        "name": "(anonymous_3)",
        "decl": {
          "start": {
            "line": 44,
            "column": 114
          },
          "end": {
            "line": 44,
            "column": 115
          }
        },
        "loc": {
          "start": {
            "line": 44,
            "column": 132
          },
          "end": {
            "line": 44,
            "column": 177
          }
        },
        "line": 44
      },
      "4": {
        "name": "(anonymous_4)",
        "decl": {
          "start": {
            "line": 47,
            "column": 4
          },
          "end": {
            "line": 47,
            "column": 5
          }
        },
        "loc": {
          "start": {
            "line": 47,
            "column": 13
          },
          "end": {
            "line": 55,
            "column": 5
          }
        },
        "line": 47
      },
      "5": {
        "name": "(anonymous_5)",
        "decl": {
          "start": {
            "line": 48,
            "column": 72
          },
          "end": {
            "line": 48,
            "column": 73
          }
        },
        "loc": {
          "start": {
            "line": 48,
            "column": 78
          },
          "end": {
            "line": 52,
            "column": 9
          }
        },
        "line": 48
      },
      "6": {
        "name": "(anonymous_6)",
        "decl": {
          "start": {
            "line": 53,
            "column": 19
          },
          "end": {
            "line": 53,
            "column": 20
          }
        },
        "loc": {
          "start": {
            "line": 53,
            "column": 30
          },
          "end": {
            "line": 53,
            "column": 103
          }
        },
        "line": 53
      },
      "7": {
        "name": "(anonymous_7)",
        "decl": {
          "start": {
            "line": 57,
            "column": 4
          },
          "end": {
            "line": 57,
            "column": 5
          }
        },
        "loc": {
          "start": {
            "line": 57,
            "column": 21
          },
          "end": {
            "line": 59,
            "column": 5
          }
        },
        "line": 57
      },
      "8": {
        "name": "(anonymous_8)",
        "decl": {
          "start": {
            "line": 61,
            "column": 4
          },
          "end": {
            "line": 61,
            "column": 5
          }
        },
        "loc": {
          "start": {
            "line": 61,
            "column": 17
          },
          "end": {
            "line": 63,
            "column": 5
          }
        },
        "line": 61
      },
      "9": {
        "name": "(anonymous_9)",
        "decl": {
          "start": {
            "line": 65,
            "column": 4
          },
          "end": {
            "line": 65,
            "column": 5
          }
        },
        "loc": {
          "start": {
            "line": 65,
            "column": 25
          },
          "end": {
            "line": 67,
            "column": 5
          }
[...]
      "5": [
        1880,
        5284
      ],
      "6": [
        143,
        143
      ],
      "7": [
        143,
        7164
      ],
      "8": [
        7164,
        143
      ],
      "9": [
        10,
        7154
      ],
      "10": [
        5266,
        1898
      ],
      "11": [
        1898,
        5266
      ],
      "12": [
        1898,
        5266
      ],
      "13": [
        143,
        143,
        143
      ],
      "14": [
        143,
        143,
        143
      ]
    },
    "inputSourceMap": {
      "version": 3,
      "file": "navigation.component.js",
      "sourceRoot": "",
      "sources": [
        "/home/loraine/Projects/Archi P2 - Angular Java/Front-end---Testez-et-am-liorez-une-application-existante/src/app/shared/navigation/navigation.component.ts",
        "navigation.component.html"
      ],
      "names": [],
      "mappings": "AAAA,OAAO,EAAE,SAAS,EAAE,MAAM,EAAE,MAAM,eAAe,CAAC;AAClD,OAAO,EAAE,UAAU,EAAE,gBAAgB,EAAE,MAAM,iBAAiB,CAAC;AAC/D,OAAO,EAAE,WAAW,EAAE,MAAM,iCAAiC,CAAC;AAE9D,OAAO,EAAE,cAAc,EAAE,MAAM,8BAA8B,CAAC;;;;;;;;;;;;ICmDtD,AADF,8BAAsB,YAMnB;IADC,mLAAS,kBAAW,KAAC;IAErB,oCAA4B;IAAA,0BAAU;IAAA,iBAAW;IACjD,gCAAwB;IAAA,wBAAQ;IAEpC,AADE,AADkC,iBAAO,EACrC,EACD;IAEH,AADF,8BAAsB,YAMnB;IADC,mLAAS,kBAAW,KAAC;IAErB,oCAA4B;IAAA,qBAAK;IAAA,iBAAW;IAC5C,iCAAwB;IAAA,sBAAK;IAEjC,AADE,AAD+B,iBAAO,EAClC,EACD;;IAlBD,cAA4B;IAA5B,uDAA4B;IAW5B,eAAyB;IAAzB,uDAAyB;;;;IAY3B,AADF,8BAAsB,YAMnB;IADC,mLAAS,kBAAW,KAAC;IAErB,oCAA4B;IAAA,0BAAU;IAAA,iBAAW;IACjD,gCAAwB;IAAA,8BAAc;IAE1C,AADE,AADwC,iBAAO,EAC3C,EACD;IAEH,AADF,8BAAsB,YAMnB;IADC,mLAAS,kBAAW,KAAC;IAErB,oCAA4B;IAAA,oBAAI;IAAA,iBAAW;IAC3C,iCAAwB;IAAA,6BAAY;IAExC,AADE,AADsC,iBAAO,EACzC,EACD;;IAlBD,cAAiC;IAAjC,uDAAiC;IAWjC,eAA+B;IAA/B,uDAA+B;;;;IAoCnC,AADF,+BAAyB,iBAMtB;IADC,kKAAS,2BAAoB,wBAAE,kBAAW,KAAC;IAE3C,gCAAU;IAAA,sBAAM;IAAA,iBAAW;IAC3B,4BAAM;IAAA,sBAAM;IAEhB,AADE,AADc,iBAAO,EACZ,EACL;;ADpIV;;;GAGG;AAQH,MAAM,OAAO,mBAAmB;IAEvB,WAAW,GAAG,MAAM,CAAC,WAAW,CAAC,CAAC;IAEzC,UAAU,GAAG,KAAK,CAAC;IAEnB,gBAAgB,CAAC;IAEjB,aAAa;IACb,qBAAqB;IACd,aAAa;QAClB,MAAM,IAAI,GAAmB,IAAI,CAAC,WAAW,CAAC,cAAc,EAAE,CAAC;QAC/D,OAAO,IAAI,CAAC,CAAC,CAAC,MAAM,IAAI,CAAC,SAAS,IAAI,CAAC,CAAC,CAAC,+BAA+B,CAAC;IAC3E,CAAC;IAED,iBAAiB;IACjB,kCAAkC;IAClC,UAAU;QACR,IAAI,CAAC,UAAU,GAAG,CAAC,IAAI,CAAC,UAAU,CAAC;IACrC,CAAC;IAED,gBAAgB;IAChB,wCAAwC;IACxC,SAAS;QACP,IAAI,CAAC,UAAU,GAAG,KAAK,CAAC;IAC1B,CAAC;IAED,sBAAsB;IACtB,sDAAsD;IACtD,eAAe;QACb,OAAO,IAAI,CAAC,WAAW,CAAC,UAAU,EAAE,CAAC;IACvC,CAAC;6GA/BU,mBAAmB;6DAAnB,mBAAmB;YCd1B,AADF,AADF,AADF,8BAAqB,aACQ,WACsB,kBAChB;YAAA,sBAAM;YAAA,iBAAW;YAC9C,YACF;YACF,AADE,iBAAI,EACA;YACN,iCAMC;YAHC,gGAAS,gBAAY,IAAC;YAItB,gCAAoC;YAClC,YACF;YAEJ,AADE,AADE,iBAAW,EACJ,EACL;YAEN,8BAIC;YADC,6FAAS,eAAW,IAAC;YACtB,iBAAM;YAIH,AADF,AADF,+BAAiD,cACtB,UACnB;YAAA,qBAAI;YAAA,iBAAK;YACb,kCAKC;YAFC,iGAAS,eAAW,IAAC;YAGrB,iCAAU;YAAA,sBAAK;YAEnB,AADE,AADiB,iBAAW,EACnB,EACL;YAIF,AADF,AADF,8BAAuB,cACC,aAOnB;YADC,4FAAS,eAAW,IAAC;YAErB,qCAA4B;YAAA,qBAAI;YAAA,iBAAW;YAC3C,iCAAwB;YAAA,qBAAI;YAEhC,AADE,AAD8B,iBAAO,EACjC,EACD;YAEL,8EAA0B;YAyB1B,8EAAyB;YAwB3B,iBAAK;YAGH,AADF,gCAAsC,aAOnC;YADC,4FAAS,eAAW,IAAC;YAErB,qCAA4B;YAAA,yBAAQ;YAAA,iBAAW;YAC/C,iCAAwB;YAAA,sCAAqB;YAC/C,AAD+C,iBAAO,EAClD;YACJ,8BAMC;YADC,4FAAS,eAAW,IAAC;YAErB,qCAA4B;YAAA,yBAAQ;YAAA,iBAAW;YAC/C,iCAAwB;YAAA,qCAAoB;YAEhD,AADE,AAD8C,iBAAO,EACjD,EACA;YAEN,wFAAyB;YAa3B,iBAAM;;YA1IoB,eAAwB;YAAxB,wDAAwB;YAE5C,eACF;YADE,oDACF;YAMA,cAAiC;;YAGvB,cAAyB;YAAzB,sCAAyB;YACjC,cACF;YADE,kEACF;YAMF,cAAyB;YAAzB,sCAAyB;YAIJ,cAAyB;YAAzB,sCAAyB;YAiBxC,eAAwB;YAExB,AAFA,wDAAwB,wDAEmB;YAQ/C,eAuBC;YAvBD,kDAuBC;YAED,cAuBC;YAvBD,iDAuBC;YA0BH,gBAYC;YAZD,iDAYC;4BD9HS,UAAU,EAAE,gBAAgB,EAAE,cAAc;;iFAI3C,mBAAmB;cAP/B,SAAS;2BACE,gBAAgB,cACd,IAAI,WACP,CAAC,UAAU,EAAE,gBAAgB,EAAE,cAAc,CAAC;;kFAI5C,mBAAmB",
      "sourcesContent": [
        "import { Component, inject } from '@angular/core';\nimport { RouterLink, RouterLinkActive } from '@angular/router';\nimport { UserService } from '../../core/service/user.service';\nimport { UserDTO } from '../../core/models/User';\nimport { MaterialModule } from '../../shared/material.module';\n\n/**\n * Component - Main navigation bar with authentication-aware menu items\n * Exposes a responsive hamburger menu for mobile and a full navbar for desktop\n */\n@Component({\n  selector: 'app-navigation',\n  standalone: true,\n  imports: [RouterLink, RouterLinkActive, MaterialModule],\n  templateUrl: './navigation.component.html',\n  styleUrls: ['./navigation.css']\n})\nexport class NavigationComponent {\n\n  public userService = inject(UserService);\n\n  isMenuOpen = false;\n\n  constructor() { }\n\n  /** PUBLIC */\n  /* USER FIRST NAME */\n  public userFirstName(): string {\n    const user: UserDTO | null = this.userService.getCurrentUser();\n    return user ? `Hi ${user.firstName} !` : 'Welcome in Student Management';\n  }\n\n  /* TOGGLE MENU */\n  // flip the menu open/closed state\n  toggleMenu(): void {\n    this.isMenuOpen = !this.isMenuOpen;\n  }\n\n  /* CLOSE MENU */\n  // close the menu when a link is clicked\n  closeMenu(): void {\n    this.isMenuOpen = false;\n  }\n\n  /* IS AUTHENTICATED */\n  // used by the template to show/hide the logout button\n  isAuthenticated(): boolean {\n    return this.userService.isLoggedIn();\n  }\n}",
        "<div class=\"top-bar\">\n  <div class=\"brand-section\">\n    <a class=\"brand-link\" [routerLink]=\"['/home']\">\n      <mat-icon class=\"brand-icon\">school</mat-icon>\n      {{ userFirstName() }}\n    </a>\n  </div>\n  <button\n    mat-icon-button\n    class=\"menu-toggle-btn\"\n    (click)=\"toggleMenu()\"\n    [attr.aria-expanded]=\"isMenuOpen\"\n    aria-label=\"Toggle navigation\"\n  >\n    <mat-icon [class.open]=\"isMenuOpen\">\n      {{ isMenuOpen ? \"close\" : \"menu\" }}\n    </mat-icon>\n  </button>\n</div>\n\n<div\n  class=\"side-menu-overlay\"\n  [class.show]=\"isMenuOpen\"\n  (click)=\"closeMenu()\"\n></div>\n\n<nav class=\"side-menu\" [class.open]=\"isMenuOpen\">\n  <div class=\"menu-header\">\n    <h3>Menu</h3>\n    <button\n      mat-icon-button\n      class=\"close-btn\"\n      (click)=\"closeMenu()\"\n      aria-label=\"Close menu\"\n    >\n      <mat-icon>close</mat-icon>\n    </button>\n  </div>\n\n  <ul class=\"menu-items\">\n    <li class=\"menu-item\">\n      <a\n        class=\"menu-link\"\n        [routerLink]=\"['/home']\"\n        routerLinkActive=\"active\"\n        [routerLinkActiveOptions]=\"{ exact: true }\"\n        (click)=\"closeMenu()\"\n      >\n        <mat-icon class=\"menu-icon\">home</mat-icon>\n        <span class=\"menu-text\">Home</span>\n      </a>\n    </li>\n\n    @if (!isAuthenticated()) {\n      <li class=\"menu-item\">\n        <a\n          class=\"menu-link\"\n          [routerLink]=\"['/register']\"\n          routerLinkActive=\"active\"\n          (click)=\"closeMenu()\"\n        >\n          <mat-icon class=\"menu-icon\">person_add</mat-icon>\n          <span class=\"menu-text\">Register</span>\n        </a>\n      </li>\n      <li class=\"menu-item\">\n        <a\n          class=\"menu-link\"\n          [routerLink]=\"['/login']\"\n          routerLinkActive=\"active\"\n          (click)=\"closeMenu()\"\n        >\n          <mat-icon class=\"menu-icon\">login</mat-icon>\n          <span class=\"menu-text\">Login</span>\n        </a>\n      </li>\n    }\n\n    @if (isAuthenticated()) {\n      <li class=\"menu-item\">\n        <a\n          class=\"menu-link\"\n          [routerLink]=\"['/studentCreate']\"\n          routerLinkActive=\"active\"\n          (click)=\"closeMenu()\"\n        >\n          <mat-icon class=\"menu-icon\">add_circle</mat-icon>\n          <span class=\"menu-text\">Create Student</span>\n        </a>\n      </li>\n      <li class=\"menu-item\">\n        <a\n          class=\"menu-link\"\n          [routerLink]=\"['/studentList']\"\n          routerLinkActive=\"active\"\n          (click)=\"closeMenu()\"\n        >\n          <mat-icon class=\"menu-icon\">list</mat-icon>\n          <span class=\"menu-text\">Student List</span>\n        </a>\n      </li>\n    }\n  </ul>\n\n  <div class=\"menu-footer-coverage m-3\">\n    <a\n      class=\"menu-link\"\n      href=\"/coverage/index.html\"\n      target=\"_blank\"\n      rel=\"noopener\"\n      (click)=\"closeMenu()\"\n    >\n      <mat-icon class=\"menu-icon\">verified</mat-icon>\n      <span class=\"menu-text\">Front Coverage Report</span>\n    </a>\n    <a\n      class=\"menu-link\"\n      href=\"http://51.210.106.127:8083/\"\n      target=\"_blank\"\n      rel=\"noopener\"\n      (click)=\"closeMenu()\"\n    >\n      <mat-icon class=\"menu-icon\">verified</mat-icon>\n      <span class=\"menu-text\">Back Coverage Report</span>\n    </a>\n  </div>\n\n  @if (isAuthenticated()) {\n    <div class=\"menu-footer\">\n      <button\n        mat-button\n        color=\"warn\"\n        class=\"logout-btn\"\n        (click)=\"userService.logout(); closeMenu()\"\n      >\n        <mat-icon>logout</mat-icon>\n        <span>Logout</span>\n      </button>\n    </div>\n  }\n</nav>\n"
      ]
    },
    "_coverageSchema": "1a1c01bbd47fc00a2c39e90264f33305004495a9",
    "hash": "731fa8c9423ebc53709525540f9876e9ca44ff07"
  },
  "/home/loraine/Projects/Archi P2 - Angular Java/Front-end---Testez-et-am-liorez-une-application-existante/src/app/app.component.ts": {
    "path": "/home/loraine/Projects/Archi P2 - Angular Java/Front-end---Testez-et-am-liorez-une-application-existante/src/app/app.component.ts",
    "statementMap": {
      "0": {
        "start": {
          "line": 11,
          "column": 12
        },
        "end": {
          "line": 11,
          "column": 31
        }
      },
      "1": {
        "start": {
          "line": 15,
          "column": 8
        },
        "end": {
          "line": 15,
          "column": 74
        }
      },
      "2": {
        "start": {
          "line": 16,
          "column": 8
        },
        "end": {
          "line": 16,
          "column": 54
        }
      },
      "3": {
        "start": {
          "line": 18,
          "column": 18
        },
        "end": {
          "line": 18,
          "column": 120
        }
      },
      "4": {
        "start": {
          "line": 18,
          "column": 69
        },
        "end": {
          "line": 18,
          "column": 118
        }
      },
      "5": {
        "start": {
          "line": 19,
          "column": 32
        },
        "end": {
          "line": 22,
          "column": 53
        }
      },
      "6": {
        "start": {
          "line": 19,
          "column": 173
        },
        "end": {
          "line": 21,
          "column": 9
        }
      },
      "7": {
        "start": {
          "line": 20,
          "column": 12
        },
        "end": {
          "line": 20,
          "column": 66
        }
      },
      "8": {
        "start": {
          "line": 24,
          "column": 0
        },
        "end": {
          "line": 30,
          "column": 30
        }
      },
      "9": {
        "start": {
          "line": 24,
          "column": 9
        },
        "end": {
          "line": 30,
          "column": 24
        }
      },
      "10": {
        "start": {
          "line": 30,
          "column": 14
        },
        "end": {
          "line": 30,
          "column": 16
        }
      },
      "11": {
        "start": {
          "line": 31,
          "column": 0
        },
        "end": {
          "line": 31,
          "column": 187
        }
      },
      "12": {
        "start": {
          "line": 31,
          "column": 9
        },
        "end": {
          "line": 31,
          "column": 181
        }
      }
    },
    "fnMap": {
      "0": {
        "name": "(anonymous_0)",
        "decl": {
          "start": {
            "line": 14,
            "column": 4
          },
          "end": {
            "line": 14,
            "column": 5
          }
        },
        "loc": {
          "start": {
            "line": 14,
            "column": 18
          },
          "end": {
            "line": 17,
            "column": 5
          }
        },
        "line": 14
      },
      "1": {
        "name": "AppComponent_Factory",
        "decl": {
          "start": {
            "line": 18,
            "column": 27
          },
          "end": {
            "line": 18,
            "column": 47
          }
        },
        "loc": {
          "start": {
            "line": 18,
            "column": 67
          },
          "end": {
            "line": 18,
            "column": 120
          }
        },
        "line": 18
      },
      "2": {
        "name": "AppComponent_Template",
        "decl": {
          "start": {
            "line": 19,
            "column": 140
          },
          "end": {
            "line": 19,
            "column": 161
          }
        },
        "loc": {
          "start": {
            "line": 19,
            "column": 171
          },
          "end": {
            "line": 21,
            "column": 11
          }
        },
        "line": 19
      },
      "3": {
        "name": "(anonymous_3)",
        "decl": {
          "start": {
            "line": 24,
            "column": 1
          },
          "end": {
            "line": 24,
            "column": 2
          }
        },
        "loc": {
          "start": {
            "line": 24,
            "column": 7
          },
          "end": {
            "line": 30,
            "column": 26
          }
        },
        "line": 24
      },
      "4": {
        "name": "(anonymous_4)",
        "decl": {
          "start": {
            "line": 30,
            "column": 8
          },
          "end": {
            "line": 30,
            "column": 9
          }
        },
        "loc": {
          "start": {
            "line": 30,
            "column": 14
          },
          "end": {
            "line": 30,
            "column": 16
          }
        },
        "line": 30
      },
      "5": {
        "name": "(anonymous_5)",
        "decl": {
          "start": {
            "line": 31,
            "column": 1
          },
          "end": {
            "line": 31,
            "column": 2
          }
        },
        "loc": {
          "start": {
            "line": 31,
            "column": 7
          },
          "end": {
            "line": 31,
            "column": 183
          }
        },
        "line": 31
      }
    },
    "branchMap": {
      "0": {
        "loc": {
          "start": {
            "line": 18,
            "column": 81
          },
          "end": {
            "line": 18,
            "column": 114
          }
        },
        "type": "binary-expr",
        "locations": [
          {
            "start": {
              "line": 18,
              "column": 81
            },
            "end": {
              "line": 18,
              "column": 98
            }
          },
          {
            "start": {
              "line": 18,
              "column": 102
            },
            "end": {
              "line": 18,
              "column": 114
            }
          }
        ],
        "line": 18
      },
      "1": {
        "loc": {
          "start": {
            "line": 19,
            "column": 173
          },
          "end": {
            "line": 21,
            "column": 9
          }
        },
        "type": "if",
        "locations": [
          {
            "start": {
              "line": 19,
              "column": 173
            },
            "end": {
              "line": 21,
              "column": 9
            }
          },
          {
            "start": {},
            "end": {}
          }
        ],
        "line": 19
      },
      "2": {
        "loc": {
          "start": {
            "line": 24,
            "column": 9
          },
          "end": {
            "line": 30,
            "column": 23
          }
        },
        "type": "binary-expr",
        "locations": [
          {
            "start": {
              "line": 24,
              "column": 10
            },
            "end": {
              "line": 24,
              "column": 42
            }
          },
          {
            "start": {
              "line": 24,
              "column": 46
            },
            "end": {
              "line": 24,
              "column": 55
            }
          },
          {
            "start": {
              "line": 24,
              "column": 60
            },
            "end": {
              "line": 30,
              "column": 23
            }
          }
        ],
        "line": 24
      },
      "3": {
        "loc": {
          "start": {
            "line": 31,
            "column": 9
          },
          "end": {
            "line": 31,
            "column": 180
          }
        },
        "type": "binary-expr",
        "locations": [
          {
            "start": {
              "line": 31,
              "column": 10
            },
            "end": {
              "line": 31,
              "column": 42
            }
          },
          {
            "start": {
              "line": 31,
              "column": 46
            },
            "end": {
              "line": 31,
              "column": 55
            }
          },
          {
            "start": {
              "line": 31,
              "column": 60
            },
            "end": {
              "line": 31,
              "column": 180
            }
          }
        ],
        "line": 31
      }
    },
    "s": {
      "0": 143,
      "1": 143,
      "2": 143,
      "3": 143,
      "4": 143,
      "5": 143,
      "6": 7307,
      "7": 143,
      "8": 143,
      "9": 143,
      "10": 0,
      "11": 143,
      "12": 143
    },
    "f": {
      "0": 143,
      "1": 143,
      "2": 7307,
      "3": 143,
      "4": 0,
      "5": 143
    },
    "b": {
      "0": [
        143,
        143
      ],
      "1": [
        143,
        7164
      ],
      "2": [
        143,
        143,
        143
      ],
      "3": [
        143,
        143,
        143
      ]
    },
    "inputSourceMap": {
      "version": 3,
      "file": "app.component.js",
      "sourceRoot": "",
      "sources": [
        "/home/loraine/Projects/Archi P2 - Angular Java/Front-end---Testez-et-am-liorez-une-application-existante/src/app/app.component.ts",
        "app.component.html"
      ],
      "names": [],
      "mappings": "AAAA,OAAO,EAAE,SAAS,EAAE,MAAM,eAAe,CAAC;AAC1C,OAAO,EAAE,YAAY,EAAE,MAAM,iBAAiB,CAAC;AAC/C,OAAO,EAAE,mBAAmB,EAAE,MAAM,0CAA0C,CAAC;;AAE/E;;;GAGG;AAUH,MAAM,OAAO,YAAY;IACvB,2CAA2C;IAC3C,KAAK,GAAG,mBAAmB,CAAC;IAE5B,gBAAgB;IAChB,mBAAmB;IACnB;QACE,OAAO,CAAC,GAAG,CAAC,oDAAoD,CAAC,CAAC;QAClE,OAAO,CAAC,GAAG,CAAC,oBAAoB,EAAE,IAAI,CAAC,KAAK,CAAC,CAAC;IAChD,CAAC;sGATU,YAAY;6DAAZ,YAAY;YChBzB,AADA,iCAAkB,oBACD;4BDWb,YAAY;YACZ,mBAAmB;;iFAIV,YAAY;cATxB,SAAS;2BACE,UAAU,WAEX;oBACP,YAAY;oBACZ,mBAAmB;iBACpB;;kFAGU,YAAY",
      "sourcesContent": [
        "import { Component } from '@angular/core';\nimport { RouterOutlet } from '@angular/router';\nimport { NavigationComponent } from \"./shared/navigation/navigation.component\";\n\n/**\n * Component - Root application shell\n * Renders the navigation bar and the router outlet for all page components\n */\n@Component({\n  selector: 'app-root',\n  templateUrl: './app.component.html',\n  imports: [\n    RouterOutlet,\n    NavigationComponent\n  ],\n  styleUrl: './app.component.css'\n})\nexport class AppComponent {\n  /** Application title for identification */\n  title = 'etudiant-frontend';\n\n  /** LIFECYCLE */\n  /* APP COMPONENT */\n  constructor() {\n    console.log('AppComponent initialized - Application root loaded');\n    console.log('Application title:', this.title);\n  }\n}\n",
        "<app-navigation />\n<router-outlet />\n"
      ]
    },
    "_coverageSchema": "1a1c01bbd47fc00a2c39e90264f33305004495a9",
    "hash": "d418aeab850fbeea729869368980b93e65dc4b23"
  }
}